0 info it worked if it ends with ok
1 verbose cli [ 'node', '/Users/kevin/.nvm/v0.10.28/bin/npm', 'run', 'test' ]
2 info using npm@1.4.14
3 info using node@v0.10.28
4 verbose run-script [ 'pretest', 'test', 'posttest' ]
5 info pretest knockback@0.18.6
6 info test knockback@0.18.6
7 verbose unsafe-perm in lifecycle true
8 info knockback@0.18.6 Failed to exec test script
9 error knockback@0.18.6 test: `gulp test --require coffee-script/register`
9 error Exit status 8
10 error Failed at the knockback@0.18.6 test script.
10 error This is most likely a problem with the knockback package,
10 error not with npm itself.
10 error Tell the author that this fails on your system:
10 error     gulp test --require coffee-script/register
10 error You can get their info via:
10 error     npm owner ls knockback
10 error There is likely additional logging output above.
11 error System Darwin 13.2.0
12 error command "node" "/Users/kevin/.nvm/v0.10.28/bin/npm" "run" "test"
13 error cwd /Users/kevin/Dev/OpenSource/Mine/CoffeeScript/knockback
14 error node -v v0.10.28
15 error npm -v 1.4.14
16 error code ELIFECYCLE
17 verbose exit [ 1, true ]
